<?xml version="1.0" encoding="UTF-8"?>
<!-- Generated by org.testng.reporters.JUnitReportReporter -->
<testsuite hostname="DESKTOP-JFJ7DOJ" failures="0" tests="1" name="testCases.TC_010_Find_specific_offer_price" time="148.664" errors="0" timestamp="2021-12-03T11:20:00 BDT" skipped="0">
  <testcase classname="testCases.TC_010_Find_specific_offer_price" name="findSpecificPriceProduct" time="148.664"/>
</testsuite> <!-- testCases.TC_010_Find_specific_offer_price -->
