<?xml version="1.0" encoding="UTF-8"?>
<!-- Generated by org.testng.reporters.JUnitReportReporter -->
<testsuite hostname="DESKTOP-JFJ7DOJ" failures="0" tests="1" name="testCases.TC_016_WebTable" time="7.090" errors="0" timestamp="2021-12-16T11:11:19 BDT" skipped="0">
  <testcase classname="testCases.TC_016_WebTable" name="handleWebTable" time="7.090"/>
</testsuite> <!-- testCases.TC_016_WebTable -->
