<?xml version="1.0" encoding="UTF-8"?>
<!-- Generated by org.testng.reporters.JUnitReportReporter -->
<testsuite hostname="DESKTOP-JFJ7DOJ" failures="0" tests="1" name="testCases.TC_002_RadioButtons_Sample2" time="8.134" errors="0" timestamp="2021-11-28T23:12:41 BDT" skipped="0">
  <testcase classname="testCases.TC_002_RadioButtons_Sample2" name="textbox" time="8.134"/>
</testsuite> <!-- testCases.TC_002_RadioButtons_Sample2 -->
