<?xml version="1.0" encoding="UTF-8"?>
<!-- Generated by org.testng.reporters.JUnitReportReporter -->
<testsuite hostname="DESKTOP-JFJ7DOJ" failures="0" tests="1" name="testCases.TC_001_Basic_login_reset_pass" time="50.876" errors="0" timestamp="2021-12-12T23:46:04 BDT" skipped="0">
  <testcase classname="testCases.TC_001_Basic_login_reset_pass" name="firstTestCaseToAutomateLogin" time="50.876"/>
</testsuite> <!-- testCases.TC_001_Basic_login_reset_pass -->
