<?xml version="1.0" encoding="UTF-8"?>
<!-- Generated by org.testng.reporters.JUnitReportReporter -->
<testsuite hostname="DESKTOP-JFJ7DOJ" failures="0" tests="1" name="testCases.TC_015_wifilife" time="19.811" errors="0" timestamp="2021-12-17T09:42:05 BDT" skipped="0">
  <testcase classname="testCases.TC_015_wifilife" name="shadowDom" time="19.811"/>
</testsuite> <!-- testCases.TC_015_wifilife -->
