<?xml version="1.0" encoding="UTF-8"?>
<!-- Generated by org.testng.reporters.JUnitReportReporter -->
<testsuite hostname="DESKTOP-JFJ7DOJ" failures="0" tests="1" name="testCases.TC_002_Buttons_Sample2" time="5.851" errors="0" timestamp="2021-11-28T20:46:22 BDT" skipped="0">
  <testcase classname="testCases.TC_002_Buttons_Sample2" name="textbox" time="5.851"/>
</testsuite> <!-- testCases.TC_002_Buttons_Sample2 -->
