<?xml version="1.0" encoding="UTF-8"?>
<!-- Generated by org.testng.reporters.JUnitReportReporter -->
<testsuite hostname="DESKTOP-JFJ7DOJ" failures="0" tests="1" name="testCases.TC_005_MultiSelect_DropDown_Sample" time="11.208" errors="0" timestamp="2021-12-16T00:03:26 BDT" skipped="0">
  <testcase classname="testCases.TC_005_MultiSelect_DropDown_Sample" name="multiSelectDropDown" time="11.208"/>
</testsuite> <!-- testCases.TC_005_MultiSelect_DropDown_Sample -->
