<?xml version="1.0" encoding="UTF-8"?>
<!-- Generated by org.testng.reporters.JUnitReportReporter -->
<testsuite hostname="DESKTOP-JFJ7DOJ" failures="0" tests="1" name="jsexec.TC_01_JSExecTest" time="8.569" errors="0" timestamp="2021-12-17T10:32:18 BDT" skipped="0">
  <testcase classname="jsexec.TC_01_JSExecTest" name="jsExecTest" time="8.569"/>
</testsuite> <!-- jsexec.TC_01_JSExecTest -->
