<?xml version="1.0" encoding="UTF-8"?>
<!-- Generated by org.testng.reporters.JUnitReportReporter -->
<testsuite hostname="DESKTOP-JFJ7DOJ" failures="0" tests="1" name="testCases.TC_001_Basic" time="51.530" errors="0" timestamp="2021-11-28T19:43:50 BDT" skipped="0">
  <testcase classname="testCases.TC_001_Basic" name="firstTestCaseToAutomatic" time="51.530"/>
</testsuite> <!-- testCases.TC_001_Basic -->
