<?xml version="1.0" encoding="UTF-8"?>
<!-- Generated by org.testng.reporters.JUnitReportReporter -->
<testsuite hostname="DESKTOP-JFJ7DOJ" failures="0" tests="1" name="testCases.TC_011_Handle_Browser_Alerts" time="7.143" errors="0" timestamp="2021-12-17T12:44:02 BDT" skipped="0">
  <testcase classname="testCases.TC_011_Handle_Browser_Alerts" name="handleAlert" time="7.143"/>
</testsuite> <!-- testCases.TC_011_Handle_Browser_Alerts -->
