<?xml version="1.0" encoding="UTF-8"?>
<!-- Generated by org.testng.reporters.JUnitReportReporter -->
<testsuite hostname="DESKTOP-JFJ7DOJ" failures="0" tests="1" name="testCases.TC_014_Handle_ShadowDom" time="40.782" errors="0" timestamp="2021-12-19T11:22:35 BDT" skipped="0">
  <testcase classname="testCases.TC_014_Handle_ShadowDom" name="shadowDom" time="40.782"/>
</testsuite> <!-- testCases.TC_014_Handle_ShadowDom -->
