<?xml version="1.0" encoding="UTF-8"?>
<!-- Generated by org.testng.reporters.JUnitReportReporter -->
<testsuite hostname="DESKTOP-JFJ7DOJ" failures="0" tests="1" name="testCases.TC_013_Handle_Screenshot" time="9.946" errors="0" timestamp="2021-12-13T18:22:54 BDT" skipped="0">
  <testcase classname="testCases.TC_013_Handle_Screenshot" name="screenshotTaken" time="9.946"/>
</testsuite> <!-- testCases.TC_013_Handle_Screenshot -->
