<?xml version="1.0" encoding="UTF-8"?>
<!-- Generated by org.testng.reporters.JUnitReportReporter -->
<testsuite hostname="DESKTOP-JFJ7DOJ" failures="0" tests="1" name="testCases.TC_002_Checkbox_Sample" time="7.758" errors="0" timestamp="2021-11-28T23:22:59 BDT" skipped="0">
  <testcase classname="testCases.TC_002_Checkbox_Sample" name="textbox" time="7.758"/>
</testsuite> <!-- testCases.TC_002_Checkbox_Sample -->
