<?xml version="1.0" encoding="UTF-8"?>
<!-- Generated by org.testng.reporters.JUnitReportReporter -->
<testsuite hostname="DESKTOP-JFJ7DOJ" failures="0" tests="1" name="testCases.TC_002_MultiSelect_DropDown_Sample" time="10.553" errors="0" timestamp="2021-11-29T17:51:18 BDT" skipped="0">
  <testcase classname="testCases.TC_002_MultiSelect_DropDown_Sample" name="multiSelectDropDown" time="10.553"/>
</testsuite> <!-- testCases.TC_002_MultiSelect_DropDown_Sample -->
