<?xml version="1.0" encoding="UTF-8"?>
<!-- Generated by org.testng.reporters.JUnitReportReporter -->
<testsuite hostname="DESKTOP-JFJ7DOJ" failures="0" tests="1" name="testCases.TC_009_FindElement_and_FindElements" time="6.118" errors="0" timestamp="2021-11-30T11:32:33 BDT" skipped="0">
  <testcase classname="testCases.TC_009_FindElement_and_FindElements" name="FindElEls" time="6.118"/>
</testsuite> <!-- testCases.TC_009_FindElement_and_FindElements -->
