<?xml version="1.0" encoding="UTF-8"?>
<!-- Generated by org.testng.reporters.JUnitReportReporter -->
<testsuite hostname="DESKTOP-JFJ7DOJ" failures="0" tests="1" name="testCases.TC_002_TextBox_Sample" time="8.053" errors="0" timestamp="2021-11-28T20:06:19 BDT" skipped="0">
  <testcase classname="testCases.TC_002_TextBox_Sample" name="textbox" time="8.053"/>
</testsuite> <!-- testCases.TC_002_TextBox_Sample -->
