<?xml version="1.0" encoding="UTF-8"?>
<!-- Generated by org.testng.reporters.JUnitReportReporter -->
<testsuite hostname="DESKTOP-JFJ7DOJ" failures="0" tests="1" name="testCases.TC_002_DropDown_Sample" time="10.889" errors="0" timestamp="2021-11-29T17:29:55 BDT" skipped="0">
  <testcase classname="testCases.TC_002_DropDown_Sample" name="dropDown" time="10.889"/>
</testsuite> <!-- testCases.TC_002_DropDown_Sample -->
